{
"contracts/Escrow.sol":{"l":{"9":1,"13":0,"14":0,"15":0,"16":0,"20":0,"24":0},"path":"/home/kolya-mazurok2/Projects/remix/blockchain/contracts/Escrow.sol","s":{"1":1,"2":0,"3":0,"4":0,"5":0,"6":0,"7":0},"b":{},"f":{"1":1,"2":0,"3":0,"4":0},"fnMap":{"1":{"name":"deposit","line":8,"loc":{"start":{"line":8,"column":4},"end":{"line":10,"column":4}}},"2":{"name":"withdraw","line":12,"loc":{"start":{"line":12,"column":4},"end":{"line":17,"column":4}}},"3":{"name":"getBalanceByAddr","line":19,"loc":{"start":{"line":19,"column":4},"end":{"line":21,"column":4}}},"4":{"name":null,"line":23,"loc":{"start":{"line":23,"column":4},"end":{"line":25,"column":4}}}},"statementMap":{"1":{"start":{"line":9,"column":8},"end":{"line":9,"column":38}},"2":{"start":{"line":13,"column":8},"end":{"line":13,"column":41}},"3":{"start":{"line":14,"column":8},"end":{"line":14,"column":30}},"4":{"start":{"line":15,"column":8},"end":{"line":15,"column":43}},"5":{"start":{"line":16,"column":8},"end":{"line":16,"column":41}},"6":{"start":{"line":20,"column":6},"end":{"line":20,"column":27}},"7":{"start":{"line":24,"column":8},"end":{"line":24,"column":35}}},"branchMap":{}},
"contracts/Staker.sol":{"l":{"116":1,"120":1,"124":27,"126":27,"127":27,"129":27,"134":1,"135":0,"137":1,"141":1,"142":1,"143":0,"144":0,"146":1,"151":1,"155":0,"159":0,"160":0,"164":0,"165":0,"169":1,"173":0,"177":1,"178":1,"179":1,"180":0,"181":0,"184":1,"188":2,"195":1,"196":1,"197":1,"198":0,"199":0,"200":0,"201":0,"204":1,"208":0,"209":0,"210":0,"211":0,"216":0,"217":0,"218":0,"219":0,"225":1,"226":1,"227":0,"228":0,"229":0,"237":0,"239":0,"240":0,"242":0,"250":0,"252":0,"254":0,"255":0,"257":0,"258":0,"259":0,"261":0,"262":0,"263":0,"266":0,"267":0,"268":0,"274":0,"276":0,"278":0,"279":0,"281":0,"282":0,"283":0,"285":0,"286":0,"287":0,"291":1,"292":1,"293":1,"295":1,"297":0,"298":0,"302":0,"303":0,"307":0,"308":0,"312":0,"313":0,"317":0,"318":0,"322":1,"324":1,"325":1,"326":0,"327":0,"332":1,"333":1,"334":1,"335":0,"336":0,"337":0,"338":0,"339":0,"343":0,"344":0,"347":1,"348":1,"349":1,"350":1,"355":0,"356":0,"357":0,"358":0,"359":0,"360":0,"361":0,"366":0,"367":0,"368":0,"369":0},"path":"/home/kolya-mazurok2/Projects/remix/blockchain/contracts/Staker.sol","s":{"1":1,"2":27,"3":27,"4":27,"5":27,"6":1,"7":0,"8":0,"9":1,"10":1,"11":1,"12":0,"13":1,"14":1,"15":0,"16":0,"17":0,"18":0,"19":0,"20":0,"21":0,"22":1,"23":0,"24":1,"25":1,"26":1,"27":0,"28":0,"29":1,"30":2,"31":1,"32":1,"33":1,"34":0,"35":0,"36":0,"37":1,"38":0,"39":0,"40":0,"41":0,"42":0,"43":0,"44":0,"45":1,"46":1,"47":0,"48":0,"49":0,"50":0,"51":0,"52":0,"53":0,"54":0,"55":0,"56":0,"57":0,"58":0,"59":0,"60":0,"61":0,"62":0,"63":0,"64":0,"65":0,"66":0,"67":0,"68":0,"69":0,"70":0,"71":0,"72":0,"73":0,"74":0,"75":0,"76":0,"77":1,"78":1,"79":1,"80":1,"81":0,"82":0,"83":1,"84":0,"85":0,"86":1,"87":0,"88":0,"89":1,"90":0,"91":0,"92":1,"93":0,"94":0,"95":1,"96":1,"97":1,"98":0,"99":0,"100":1,"101":1,"102":1,"103":0,"104":0,"105":0,"106":0,"107":0,"108":0,"109":1,"110":1,"111":1,"112":0,"113":0,"114":0,"115":0,"116":0,"117":0,"118":0,"119":0,"120":0},"b":{"1":[1,0],"2":[0,0],"3":[0,1],"4":[0,0],"5":[0,0],"6":[0,1],"7":[0,0],"8":[0,0],"9":[0,0],"10":[0,1],"11":[0,0],"12":[0,0],"13":[0,0],"14":[0,0],"15":[0,1],"16":[0,0],"17":[0,1],"18":[0,0],"19":[0,1],"20":[0,0],"21":[0,1],"22":[0,0],"23":[0,1],"24":[0,0],"25":[0,1],"26":[0,1],"27":[0,0],"28":[1,0],"29":[0,0],"30":[0,0],"31":[0,0]},"f":{"1":1,"2":27,"3":1,"4":1,"5":1,"6":0,"7":0,"8":0,"9":1,"10":0,"11":1,"12":2,"13":1,"14":0,"15":0,"16":1,"17":0,"18":0,"19":0,"20":1,"21":1,"22":0},"fnMap":{"1":{"name":"availAirdrop","line":115,"loc":{"start":{"line":115,"column":4},"end":{"line":121,"column":4}}},"2":{"name":"constructor","line":123,"loc":{"start":{"line":123,"column":4},"end":{"line":130,"column":4}}},"3":{"name":"_isAddrInArray","line":133,"loc":{"start":{"line":133,"column":4},"end":{"line":138,"column":4}}},"4":{"name":"_rmAddrFromArray","line":140,"loc":{"start":{"line":140,"column":4},"end":{"line":147,"column":4}}},"5":{"name":"random","line":150,"loc":{"start":{"line":150,"column":4},"end":{"line":152,"column":4}}},"6":{"name":"getTimestamp","line":154,"loc":{"start":{"line":154,"column":4},"end":{"line":156,"column":4}}},"7":{"name":"addERC20Stakeholder","line":158,"loc":{"start":{"line":158,"column":4},"end":{"line":161,"column":4}}},"8":{"name":"addERC721Stakeholder","line":163,"loc":{"start":{"line":163,"column":4},"end":{"line":166,"column":4}}},"9":{"name":"removeERC20Stakeholder","line":168,"loc":{"start":{"line":168,"column":4},"end":{"line":170,"column":4}}},"10":{"name":"removeERC721Stakeholder","line":172,"loc":{"start":{"line":172,"column":4},"end":{"line":174,"column":4}}},"11":{"name":"getTotalERC20Stakes","line":176,"loc":{"start":{"line":176,"column":4},"end":{"line":185,"column":4}}},"12":{"name":"getPoints","line":187,"loc":{"start":{"line":187,"column":4},"end":{"line":189,"column":4}}},"13":{"name":"_isProjectExist","line":194,"loc":{"start":{"line":194,"column":4},"end":{"line":205,"column":4}}},"14":{"name":"addProject","line":207,"loc":{"start":{"line":207,"column":4},"end":{"line":213,"column":4}}},"15":{"name":"removeProject","line":215,"loc":{"start":{"line":215,"column":4},"end":{"line":221,"column":4}}},"16":{"name":"getProject","line":224,"loc":{"start":{"line":224,"column":4},"end":{"line":233,"column":4}}},"17":{"name":"checkProject","line":236,"loc":{"start":{"line":236,"column":4},"end":{"line":247,"column":4}}},"18":{"name":"stakeERC20","line":249,"loc":{"start":{"line":249,"column":4},"end":{"line":269,"column":4}}},"19":{"name":"stakeERC721","line":273,"loc":{"start":{"line":273,"column":4},"end":{"line":288,"column":4}}},"20":{"name":"airdrop","line":290,"loc":{"start":{"line":290,"column":4},"end":{"line":329,"column":4}}},"21":{"name":"withdrawERC20","line":331,"loc":{"start":{"line":331,"column":4},"end":{"line":352,"column":4}}},"22":{"name":"withdrawERC721","line":354,"loc":{"start":{"line":354,"column":4},"end":{"line":371,"column":4}}}},"statementMap":{"1":{"start":{"line":116,"column":8},"end":{"line":116,"column":2882}},"2":{"start":{"line":124,"column":8},"end":{"line":124,"column":37}},"3":{"start":{"line":126,"column":8},"end":{"line":126,"column":43}},"4":{"start":{"line":127,"column":8},"end":{"line":127,"column":46}},"5":{"start":{"line":129,"column":8},"end":{"line":129,"column":21}},"6":{"start":{"line":134,"column":8},"end":{"line":134,"column":3443}},"7":{"start":{"line":135,"column":12},"end":{"line":135,"column":55}},"8":{"start":{"line":135,"column":38},"end":{"line":135,"column":55}},"9":{"start":{"line":137,"column":8},"end":{"line":137,"column":25}},"10":{"start":{"line":141,"column":8},"end":{"line":141,"column":65}},"11":{"start":{"line":142,"column":8},"end":{"line":142,"column":3780}},"12":{"start":{"line":143,"column":12},"end":{"line":143,"column":46}},"13":{"start":{"line":146,"column":8},"end":{"line":146,"column":19}},"14":{"start":{"line":151,"column":8},"end":{"line":151,"column":104}},"15":{"start":{"line":155,"column":8},"end":{"line":155,"column":30}},"16":{"start":{"line":159,"column":8},"end":{"line":159,"column":77}},"17":{"start":{"line":160,"column":8},"end":{"line":160,"column":60}},"18":{"start":{"line":160,"column":28},"end":{"line":160,"column":59}},"19":{"start":{"line":164,"column":8},"end":{"line":164,"column":78}},"20":{"start":{"line":165,"column":8},"end":{"line":165,"column":61}},"21":{"start":{"line":165,"column":28},"end":{"line":165,"column":60}},"22":{"start":{"line":169,"column":8},"end":{"line":169,"column":72}},"23":{"start":{"line":173,"column":8},"end":{"line":173,"column":74}},"24":{"start":{"line":177,"column":8},"end":{"line":177,"column":60}},"25":{"start":{"line":178,"column":8},"end":{"line":178,"column":26}},"26":{"start":{"line":179,"column":8},"end":{"line":179,"column":5118}},"27":{"start":{"line":180,"column":12},"end":{"line":180,"column":5162}},"28":{"start":{"line":181,"column":16},"end":{"line":181,"column":53}},"29":{"start":{"line":184,"column":8},"end":{"line":184,"column":21}},"30":{"start":{"line":188,"column":8},"end":{"line":188,"column":28}},"31":{"start":{"line":195,"column":8},"end":{"line":195,"column":27}},"32":{"start":{"line":196,"column":8},"end":{"line":196,"column":23}},"33":{"start":{"line":197,"column":8},"end":{"line":197,"column":5597}},"34":{"start":{"line":198,"column":12},"end":{"line":198,"column":5667}},"35":{"start":{"line":199,"column":16},"end":{"line":199,"column":28}},"36":{"start":{"line":200,"column":16},"end":{"line":200,"column":26}},"37":{"start":{"line":204,"column":8},"end":{"line":204,"column":31}},"38":{"start":{"line":208,"column":8},"end":{"line":208,"column":47}},"39":{"start":{"line":209,"column":8},"end":{"line":209,"column":6047}},"40":{"start":{"line":210,"column":12},"end":{"line":210,"column":89}},"41":{"start":{"line":211,"column":12},"end":{"line":211,"column":85}},"42":{"start":{"line":216,"column":8},"end":{"line":216,"column":59}},"43":{"start":{"line":217,"column":8},"end":{"line":217,"column":6392}},"44":{"start":{"line":218,"column":12},"end":{"line":218,"column":59}},"45":{"start":{"line":225,"column":8},"end":{"line":225,"column":48}},"46":{"start":{"line":226,"column":8},"end":{"line":226,"column":6672}},"47":{"start":{"line":227,"column":12},"end":{"line":227,"column":6702}},"48":{"start":{"line":228,"column":16},"end":{"line":228,"column":6770}},"49":{"start":{"line":229,"column":20},"end":{"line":229,"column":39}},"50":{"start":{"line":237,"column":8},"end":{"line":237,"column":51}},"51":{"start":{"line":239,"column":8},"end":{"line":239,"column":44}},"52":{"start":{"line":240,"column":8},"end":{"line":240,"column":50}},"53":{"start":{"line":242,"column":8},"end":{"line":242,"column":7115}},"54":{"start":{"line":250,"column":8},"end":{"line":250,"column":29}},"55":{"start":{"line":252,"column":8},"end":{"line":252,"column":40}},"56":{"start":{"line":254,"column":8},"end":{"line":254,"column":68}},"57":{"start":{"line":255,"column":8},"end":{"line":255,"column":38}},"58":{"start":{"line":257,"column":8},"end":{"line":257,"column":63}},"59":{"start":{"line":258,"column":8},"end":{"line":258,"column":97}},"60":{"start":{"line":259,"column":8},"end":{"line":259,"column":41}},"61":{"start":{"line":261,"column":8},"end":{"line":261,"column":19}},"62":{"start":{"line":262,"column":8},"end":{"line":262,"column":7817}},"63":{"start":{"line":263,"column":12},"end":{"line":263,"column":39}},"64":{"start":{"line":266,"column":8},"end":{"line":266,"column":72}},"65":{"start":{"line":267,"column":8},"end":{"line":267,"column":68}},"66":{"start":{"line":268,"column":8},"end":{"line":268,"column":73}},"67":{"start":{"line":274,"column":8},"end":{"line":274,"column":29}},"68":{"start":{"line":276,"column":8},"end":{"line":276,"column":40}},"69":{"start":{"line":278,"column":8},"end":{"line":278,"column":71}},"70":{"start":{"line":279,"column":8},"end":{"line":279,"column":39}},"71":{"start":{"line":281,"column":8},"end":{"line":281,"column":65}},"72":{"start":{"line":282,"column":8},"end":{"line":282,"column":107}},"73":{"start":{"line":283,"column":8},"end":{"line":283,"column":42}},"74":{"start":{"line":285,"column":8},"end":{"line":285,"column":60}},"75":{"start":{"line":286,"column":8},"end":{"line":286,"column":68}},"76":{"start":{"line":287,"column":8},"end":{"line":287,"column":76}},"77":{"start":{"line":291,"column":8},"end":{"line":291,"column":32}},"78":{"start":{"line":292,"column":8},"end":{"line":292,"column":41}},"79":{"start":{"line":293,"column":8},"end":{"line":293,"column":22}},"80":{"start":{"line":295,"column":8},"end":{"line":295,"column":9028}},"81":{"start":{"line":297,"column":12},"end":{"line":297,"column":9082}},"82":{"start":{"line":298,"column":16},"end":{"line":298,"column":36}},"83":{"start":{"line":300,"column":15},"end":{"line":300,"column":9178}},"84":{"start":{"line":302,"column":12},"end":{"line":302,"column":9248}},"85":{"start":{"line":303,"column":16},"end":{"line":303,"column":36}},"86":{"start":{"line":305,"column":15},"end":{"line":305,"column":9344}},"87":{"start":{"line":307,"column":12},"end":{"line":307,"column":9414}},"88":{"start":{"line":308,"column":16},"end":{"line":308,"column":36}},"89":{"start":{"line":310,"column":15},"end":{"line":310,"column":9510}},"90":{"start":{"line":312,"column":12},"end":{"line":312,"column":9581}},"91":{"start":{"line":313,"column":16},"end":{"line":313,"column":36}},"92":{"start":{"line":315,"column":15},"end":{"line":315,"column":9679}},"93":{"start":{"line":317,"column":12},"end":{"line":317,"column":9733}},"94":{"start":{"line":318,"column":16},"end":{"line":318,"column":36}},"95":{"start":{"line":322,"column":8},"end":{"line":322,"column":46}},"96":{"start":{"line":324,"column":8},"end":{"line":324,"column":65}},"97":{"start":{"line":325,"column":8},"end":{"line":325,"column":9949}},"98":{"start":{"line":326,"column":12},"end":{"line":326,"column":55}},"99":{"start":{"line":327,"column":12},"end":{"line":327,"column":75}},"100":{"start":{"line":332,"column":8},"end":{"line":332,"column":62}},"101":{"start":{"line":333,"column":8},"end":{"line":333,"column":20}},"102":{"start":{"line":334,"column":8},"end":{"line":334,"column":10291}},"103":{"start":{"line":335,"column":12},"end":{"line":335,"column":31}},"104":{"start":{"line":336,"column":12},"end":{"line":336,"column":10367}},"105":{"start":{"line":337,"column":16},"end":{"line":337,"column":10441}},"106":{"start":{"line":338,"column":20},"end":{"line":338,"column":58}},"107":{"start":{"line":343,"column":12},"end":{"line":343,"column":53}},"108":{"start":{"line":344,"column":12},"end":{"line":344,"column":73}},"109":{"start":{"line":347,"column":8},"end":{"line":347,"column":10760}},"110":{"start":{"line":349,"column":12},"end":{"line":349,"column":45}},"111":{"start":{"line":350,"column":12},"end":{"line":350,"column":42}},"112":{"start":{"line":355,"column":8},"end":{"line":355,"column":64}},"113":{"start":{"line":356,"column":8},"end":{"line":356,"column":20}},"114":{"start":{"line":357,"column":8},"end":{"line":357,"column":11093}},"115":{"start":{"line":358,"column":12},"end":{"line":358,"column":11136}},"116":{"start":{"line":359,"column":16},"end":{"line":359,"column":11210}},"117":{"start":{"line":360,"column":20},"end":{"line":360,"column":95}},"118":{"start":{"line":366,"column":8},"end":{"line":366,"column":11433}},"119":{"start":{"line":368,"column":12},"end":{"line":368,"column":46}},"120":{"start":{"line":369,"column":12},"end":{"line":369,"column":43}}},"branchMap":{"1":{"line":116,"type":"if","locations":[{"start":{"line":116,"column":8},"end":{"line":116,"column":8}},{"start":{"line":116,"column":8},"end":{"line":116,"column":8}}]},"2":{"line":135,"type":"if","locations":[{"start":{"line":135,"column":12},"end":{"line":135,"column":12}},{"start":{"line":135,"column":12},"end":{"line":135,"column":12}}]},"3":{"line":142,"type":"if","locations":[{"start":{"line":142,"column":8},"end":{"line":142,"column":8}},{"start":{"line":142,"column":8},"end":{"line":142,"column":8}}]},"4":{"line":160,"type":"if","locations":[{"start":{"line":160,"column":8},"end":{"line":160,"column":8}},{"start":{"line":160,"column":8},"end":{"line":160,"column":8}}]},"5":{"line":165,"type":"if","locations":[{"start":{"line":165,"column":8},"end":{"line":165,"column":8}},{"start":{"line":165,"column":8},"end":{"line":165,"column":8}}]},"6":{"line":179,"type":"if","locations":[{"start":{"line":179,"column":8},"end":{"line":179,"column":8}},{"start":{"line":179,"column":8},"end":{"line":179,"column":8}}]},"7":{"line":198,"type":"if","locations":[{"start":{"line":198,"column":12},"end":{"line":198,"column":12}},{"start":{"line":198,"column":12},"end":{"line":198,"column":12}}]},"8":{"line":209,"type":"if","locations":[{"start":{"line":209,"column":8},"end":{"line":209,"column":8}},{"start":{"line":209,"column":8},"end":{"line":209,"column":8}}]},"9":{"line":217,"type":"if","locations":[{"start":{"line":217,"column":8},"end":{"line":217,"column":8}},{"start":{"line":217,"column":8},"end":{"line":217,"column":8}}]},"10":{"line":226,"type":"if","locations":[{"start":{"line":226,"column":8},"end":{"line":226,"column":8}},{"start":{"line":226,"column":8},"end":{"line":226,"column":8}}]},"11":{"line":228,"type":"if","locations":[{"start":{"line":228,"column":16},"end":{"line":228,"column":16}},{"start":{"line":228,"column":16},"end":{"line":228,"column":16}}]},"12":{"line":239,"type":"if","locations":[{"start":{"line":239,"column":8},"end":{"line":239,"column":8}},{"start":{"line":239,"column":8},"end":{"line":239,"column":8}}]},"13":{"line":242,"type":"if","locations":[{"start":{"line":242,"column":8},"end":{"line":242,"column":8}},{"start":{"line":242,"column":8},"end":{"line":242,"column":8}}]},"14":{"line":262,"type":"if","locations":[{"start":{"line":262,"column":8},"end":{"line":262,"column":8}},{"start":{"line":262,"column":8},"end":{"line":262,"column":8}}]},"15":{"line":295,"type":"if","locations":[{"start":{"line":295,"column":8},"end":{"line":295,"column":8}},{"start":{"line":295,"column":8},"end":{"line":295,"column":8}}]},"16":{"line":297,"type":"if","locations":[{"start":{"line":297,"column":12},"end":{"line":297,"column":12}},{"start":{"line":297,"column":12},"end":{"line":297,"column":12}}]},"17":{"line":300,"type":"if","locations":[{"start":{"line":300,"column":15},"end":{"line":300,"column":15}},{"start":{"line":300,"column":15},"end":{"line":300,"column":15}}]},"18":{"line":302,"type":"if","locations":[{"start":{"line":302,"column":12},"end":{"line":302,"column":12}},{"start":{"line":302,"column":12},"end":{"line":302,"column":12}}]},"19":{"line":305,"type":"if","locations":[{"start":{"line":305,"column":15},"end":{"line":305,"column":15}},{"start":{"line":305,"column":15},"end":{"line":305,"column":15}}]},"20":{"line":307,"type":"if","locations":[{"start":{"line":307,"column":12},"end":{"line":307,"column":12}},{"start":{"line":307,"column":12},"end":{"line":307,"column":12}}]},"21":{"line":310,"type":"if","locations":[{"start":{"line":310,"column":15},"end":{"line":310,"column":15}},{"start":{"line":310,"column":15},"end":{"line":310,"column":15}}]},"22":{"line":312,"type":"if","locations":[{"start":{"line":312,"column":12},"end":{"line":312,"column":12}},{"start":{"line":312,"column":12},"end":{"line":312,"column":12}}]},"23":{"line":315,"type":"if","locations":[{"start":{"line":315,"column":15},"end":{"line":315,"column":15}},{"start":{"line":315,"column":15},"end":{"line":315,"column":15}}]},"24":{"line":317,"type":"if","locations":[{"start":{"line":317,"column":12},"end":{"line":317,"column":12}},{"start":{"line":317,"column":12},"end":{"line":317,"column":12}}]},"25":{"line":325,"type":"if","locations":[{"start":{"line":325,"column":8},"end":{"line":325,"column":8}},{"start":{"line":325,"column":8},"end":{"line":325,"column":8}}]},"26":{"line":334,"type":"if","locations":[{"start":{"line":334,"column":8},"end":{"line":334,"column":8}},{"start":{"line":334,"column":8},"end":{"line":334,"column":8}}]},"27":{"line":337,"type":"if","locations":[{"start":{"line":337,"column":16},"end":{"line":337,"column":16}},{"start":{"line":337,"column":16},"end":{"line":337,"column":16}}]},"28":{"line":347,"type":"if","locations":[{"start":{"line":347,"column":8},"end":{"line":347,"column":8}},{"start":{"line":347,"column":8},"end":{"line":347,"column":8}}]},"29":{"line":357,"type":"if","locations":[{"start":{"line":357,"column":8},"end":{"line":357,"column":8}},{"start":{"line":357,"column":8},"end":{"line":357,"column":8}}]},"30":{"line":359,"type":"if","locations":[{"start":{"line":359,"column":16},"end":{"line":359,"column":16}},{"start":{"line":359,"column":16},"end":{"line":359,"column":16}}]},"31":{"line":366,"type":"if","locations":[{"start":{"line":366,"column":8},"end":{"line":366,"column":8}},{"start":{"line":366,"column":8},"end":{"line":366,"column":8}}]}}},
"contracts/Token.sol":{"l":{"12":27,"17":0,"18":0,"19":0,"20":0},"path":"/home/kolya-mazurok2/Projects/remix/blockchain/contracts/Token.sol","s":{"1":27,"2":0,"3":0,"4":0,"5":0},"b":{"1":[0,0]},"f":{"1":27,"2":0},"fnMap":{"1":{"name":"constructor","line":11,"loc":{"start":{"line":11,"column":4},"end":{"line":13,"column":4}}},"2":{"name":"helloWorld","line":15,"loc":{"start":{"line":15,"column":4},"end":{"line":21,"column":4}}}},"statementMap":{"1":{"start":{"line":12,"column":8},"end":{"line":12,"column":40}},"2":{"start":{"line":17,"column":8},"end":{"line":17,"column":33}},"3":{"start":{"line":18,"column":8},"end":{"line":18,"column":24}},"4":{"start":{"line":19,"column":8},"end":{"line":19,"column":29}},"5":{"start":{"line":20,"column":8},"end":{"line":20,"column":20}}},"branchMap":{"1":{"line":17,"type":"if","locations":[{"start":{"line":17,"column":8},"end":{"line":17,"column":8}},{"start":{"line":17,"column":8},"end":{"line":17,"column":8}}]}}},
"contracts/XcNFT.sol":{"l":{"22":27,"27":0,"32":2,"33":2,"34":2,"35":2,"36":2,"38":2,"39":4,"48":0,"49":0,"50":0,"51":0,"53":0,"63":0,"68":0,"69":0,"76":0,"80":27,"84":0,"88":0,"92":0},"path":"/home/kolya-mazurok2/Projects/remix/blockchain/contracts/XcNFT.sol","s":{"1":27,"2":0,"3":2,"4":2,"5":2,"6":2,"7":2,"8":2,"9":4,"10":0,"11":0,"12":0,"13":0,"14":0,"15":0,"16":0,"17":0,"18":0,"19":27,"20":0,"21":0,"22":0},"b":{"1":[2,0],"2":[2,0],"3":[2,0],"4":[2,0],"5":[0,0],"6":[0,0]},"f":{"1":27,"2":0,"3":2,"4":0,"5":0,"6":0,"7":27,"8":0,"9":0,"10":0},"fnMap":{"1":{"name":"constructor","line":21,"loc":{"start":{"line":17,"column":2},"end":{"line":23,"column":2}}},"2":{"name":"_baseURI","line":26,"loc":{"start":{"line":26,"column":2},"end":{"line":28,"column":2}}},"3":{"name":"mint","line":31,"loc":{"start":{"line":31,"column":2},"end":{"line":41,"column":2}}},"4":{"name":"walletOfOwner","line":43,"loc":{"start":{"line":43,"column":2},"end":{"line":54,"column":2}}},"5":{"name":"tokenURI","line":56,"loc":{"start":{"line":56,"column":2},"end":{"line":72,"column":2}}},"6":{"name":"setmaxMintAmount","line":75,"loc":{"start":{"line":75,"column":2},"end":{"line":77,"column":2}}},"7":{"name":"setBaseURI","line":79,"loc":{"start":{"line":79,"column":2},"end":{"line":81,"column":2}}},"8":{"name":"setBaseExtension","line":83,"loc":{"start":{"line":83,"column":2},"end":{"line":85,"column":2}}},"9":{"name":"pause","line":87,"loc":{"start":{"line":87,"column":2},"end":{"line":89,"column":2}}},"10":{"name":"withdraw","line":91,"loc":{"start":{"line":91,"column":3},"end":{"line":93,"column":2}}}},"statementMap":{"1":{"start":{"line":22,"column":4},"end":{"line":22,"column":27}},"2":{"start":{"line":27,"column":4},"end":{"line":27,"column":18}},"3":{"start":{"line":32,"column":4},"end":{"line":32,"column":34}},"4":{"start":{"line":33,"column":4},"end":{"line":33,"column":19}},"5":{"start":{"line":34,"column":4},"end":{"line":34,"column":27}},"6":{"start":{"line":35,"column":4},"end":{"line":35,"column":40}},"7":{"start":{"line":36,"column":4},"end":{"line":36,"column":45}},"8":{"start":{"line":38,"column":4},"end":{"line":38,"column":983}},"9":{"start":{"line":39,"column":6},"end":{"line":39,"column":31}},"10":{"start":{"line":48,"column":4},"end":{"line":48,"column":47}},"11":{"start":{"line":49,"column":4},"end":{"line":49,"column":62}},"12":{"start":{"line":50,"column":4},"end":{"line":50,"column":1286}},"13":{"start":{"line":51,"column":6},"end":{"line":51,"column":49}},"14":{"start":{"line":53,"column":4},"end":{"line":53,"column":19}},"15":{"start":{"line":63,"column":4},"end":{"line":63,"column":1532}},"16":{"start":{"line":68,"column":4},"end":{"line":68,"column":45}},"17":{"start":{"line":69,"column":4},"end":{"line":69,"column":1688}},"18":{"start":{"line":76,"column":4},"end":{"line":76,"column":36}},"19":{"start":{"line":80,"column":4},"end":{"line":80,"column":24}},"20":{"start":{"line":84,"column":4},"end":{"line":84,"column":36}},"21":{"start":{"line":88,"column":4},"end":{"line":88,"column":18}},"22":{"start":{"line":92,"column":4},"end":{"line":92,"column":59}}},"branchMap":{"1":{"line":33,"type":"if","locations":[{"start":{"line":33,"column":4},"end":{"line":33,"column":4}},{"start":{"line":33,"column":4},"end":{"line":33,"column":4}}]},"2":{"line":34,"type":"if","locations":[{"start":{"line":34,"column":4},"end":{"line":34,"column":4}},{"start":{"line":34,"column":4},"end":{"line":34,"column":4}}]},"3":{"line":35,"type":"if","locations":[{"start":{"line":35,"column":4},"end":{"line":35,"column":4}},{"start":{"line":35,"column":4},"end":{"line":35,"column":4}}]},"4":{"line":36,"type":"if","locations":[{"start":{"line":36,"column":4},"end":{"line":36,"column":4}},{"start":{"line":36,"column":4},"end":{"line":36,"column":4}}]},"5":{"line":63,"type":"if","locations":[{"start":{"line":63,"column":4},"end":{"line":63,"column":4}},{"start":{"line":63,"column":4},"end":{"line":63,"column":4}}]},"6":{"line":92,"type":"if","locations":[{"start":{"line":92,"column":4},"end":{"line":92,"column":4}},{"start":{"line":92,"column":4},"end":{"line":92,"column":4}}]}}}}
