TN:
SF:/home/kolya-mazurok2/Projects/remix/blockchain/contracts/Escrow.sol
FN:8,deposit
FN:12,withdraw
FN:19,getBalanceByAddr
FN:23,
FNF:4
FNH:1
FNDA:1,deposit
FNDA:0,withdraw
FNDA:0,getBalanceByAddr
FNDA:0,
DA:9,1
DA:13,0
DA:14,0
DA:15,0
DA:16,0
DA:20,0
DA:24,0
LF:7
LH:1
BRF:0
BRH:0
end_of_record
TN:
SF:/home/kolya-mazurok2/Projects/remix/blockchain/contracts/Staker.sol
FN:115,availAirdrop
FN:123,constructor
FN:133,_isAddrInArray
FN:140,_rmAddrFromArray
FN:150,random
FN:154,getTimestamp
FN:158,addERC20Stakeholder
FN:163,addERC721Stakeholder
FN:168,removeERC20Stakeholder
FN:172,removeERC721Stakeholder
FN:176,getTotalERC20Stakes
FN:187,getPoints
FN:194,_isProjectExist
FN:207,addProject
FN:215,removeProject
FN:224,getProject
FN:236,checkProject
FN:249,stakeERC20
FN:273,stakeERC721
FN:290,airdrop
FN:331,withdrawERC20
FN:354,withdrawERC721
FNF:22
FNH:12
FNDA:1,availAirdrop
FNDA:27,constructor
FNDA:1,_isAddrInArray
FNDA:1,_rmAddrFromArray
FNDA:1,random
FNDA:0,getTimestamp
FNDA:0,addERC20Stakeholder
FNDA:0,addERC721Stakeholder
FNDA:1,removeERC20Stakeholder
FNDA:0,removeERC721Stakeholder
FNDA:1,getTotalERC20Stakes
FNDA:2,getPoints
FNDA:1,_isProjectExist
FNDA:0,addProject
FNDA:0,removeProject
FNDA:1,getProject
FNDA:0,checkProject
FNDA:0,stakeERC20
FNDA:0,stakeERC721
FNDA:1,airdrop
FNDA:1,withdrawERC20
FNDA:0,withdrawERC721
DA:116,1
DA:120,1
DA:124,27
DA:126,27
DA:127,27
DA:129,27
DA:134,1
DA:135,0
DA:137,1
DA:141,1
DA:142,1
DA:143,0
DA:144,0
DA:146,1
DA:151,1
DA:155,0
DA:159,0
DA:160,0
DA:164,0
DA:165,0
DA:169,1
DA:173,0
DA:177,1
DA:178,1
DA:179,1
DA:180,0
DA:181,0
DA:184,1
DA:188,2
DA:195,1
DA:196,1
DA:197,1
DA:198,0
DA:199,0
DA:200,0
DA:201,0
DA:204,1
DA:208,0
DA:209,0
DA:210,0
DA:211,0
DA:216,0
DA:217,0
DA:218,0
DA:219,0
DA:225,1
DA:226,1
DA:227,0
DA:228,0
DA:229,0
DA:237,0
DA:239,0
DA:240,0
DA:242,0
DA:250,0
DA:252,0
DA:254,0
DA:255,0
DA:257,0
DA:258,0
DA:259,0
DA:261,0
DA:262,0
DA:263,0
DA:266,0
DA:267,0
DA:268,0
DA:274,0
DA:276,0
DA:278,0
DA:279,0
DA:281,0
DA:282,0
DA:283,0
DA:285,0
DA:286,0
DA:287,0
DA:291,1
DA:292,1
DA:293,1
DA:295,1
DA:297,0
DA:298,0
DA:302,0
DA:303,0
DA:307,0
DA:308,0
DA:312,0
DA:313,0
DA:317,0
DA:318,0
DA:322,1
DA:324,1
DA:325,1
DA:326,0
DA:327,0
DA:332,1
DA:333,1
DA:334,1
DA:335,0
DA:336,0
DA:337,0
DA:338,0
DA:339,0
DA:343,0
DA:344,0
DA:347,1
DA:348,1
DA:349,1
DA:350,1
DA:355,0
DA:356,0
DA:357,0
DA:358,0
DA:359,0
DA:360,0
DA:361,0
DA:366,0
DA:367,0
DA:368,0
DA:369,0
LF:121
LH:38
BRDA:116,1,0,1
BRDA:116,1,1,0
BRDA:135,2,0,0
BRDA:135,2,1,0
BRDA:142,3,0,0
BRDA:142,3,1,1
BRDA:160,4,0,0
BRDA:160,4,1,0
BRDA:165,5,0,0
BRDA:165,5,1,0
BRDA:179,6,0,0
BRDA:179,6,1,1
BRDA:198,7,0,0
BRDA:198,7,1,0
BRDA:209,8,0,0
BRDA:209,8,1,0
BRDA:217,9,0,0
BRDA:217,9,1,0
BRDA:226,10,0,0
BRDA:226,10,1,1
BRDA:228,11,0,0
BRDA:228,11,1,0
BRDA:239,12,0,0
BRDA:239,12,1,0
BRDA:242,13,0,0
BRDA:242,13,1,0
BRDA:262,14,0,0
BRDA:262,14,1,0
BRDA:295,15,0,0
BRDA:295,15,1,1
BRDA:297,16,0,0
BRDA:297,16,1,0
BRDA:300,17,0,0
BRDA:300,17,1,1
BRDA:302,18,0,0
BRDA:302,18,1,0
BRDA:305,19,0,0
BRDA:305,19,1,1
BRDA:307,20,0,0
BRDA:307,20,1,0
BRDA:310,21,0,0
BRDA:310,21,1,1
BRDA:312,22,0,0
BRDA:312,22,1,0
BRDA:315,23,0,0
BRDA:315,23,1,1
BRDA:317,24,0,0
BRDA:317,24,1,0
BRDA:325,25,0,0
BRDA:325,25,1,1
BRDA:334,26,0,0
BRDA:334,26,1,1
BRDA:337,27,0,0
BRDA:337,27,1,0
BRDA:347,28,0,1
BRDA:347,28,1,0
BRDA:357,29,0,0
BRDA:357,29,1,0
BRDA:359,30,0,0
BRDA:359,30,1,0
BRDA:366,31,0,0
BRDA:366,31,1,0
BRF:62
BRH:12
end_of_record
TN:
SF:/home/kolya-mazurok2/Projects/remix/blockchain/contracts/Token.sol
FN:11,constructor
FN:15,helloWorld
FNF:2
FNH:1
FNDA:27,constructor
FNDA:0,helloWorld
DA:12,27
DA:17,0
DA:18,0
DA:19,0
DA:20,0
LF:5
LH:1
BRDA:17,1,0,0
BRDA:17,1,1,0
BRF:2
BRH:0
end_of_record
TN:
SF:/home/kolya-mazurok2/Projects/remix/blockchain/contracts/XcNFT.sol
FN:21,constructor
FN:26,_baseURI
FN:31,mint
FN:43,walletOfOwner
FN:56,tokenURI
FN:75,setmaxMintAmount
FN:79,setBaseURI
FN:83,setBaseExtension
FN:87,pause
FN:91,withdraw
FNF:10
FNH:3
FNDA:27,constructor
FNDA:0,_baseURI
FNDA:2,mint
FNDA:0,walletOfOwner
FNDA:0,tokenURI
FNDA:0,setmaxMintAmount
FNDA:27,setBaseURI
FNDA:0,setBaseExtension
FNDA:0,pause
FNDA:0,withdraw
DA:22,27
DA:27,0
DA:32,2
DA:33,2
DA:34,2
DA:35,2
DA:36,2
DA:38,2
DA:39,4
DA:48,0
DA:49,0
DA:50,0
DA:51,0
DA:53,0
DA:63,0
DA:68,0
DA:69,0
DA:76,0
DA:80,27
DA:84,0
DA:88,0
DA:92,0
LF:22
LH:9
BRDA:33,1,0,2
BRDA:33,1,1,0
BRDA:34,2,0,2
BRDA:34,2,1,0
BRDA:35,3,0,2
BRDA:35,3,1,0
BRDA:36,4,0,2
BRDA:36,4,1,0
BRDA:63,5,0,0
BRDA:63,5,1,0
BRDA:92,6,0,0
BRDA:92,6,1,0
BRF:12
BRH:4
end_of_record
